# JRE version: OpenJDK Runtime Environment (8.0_152-b01) (build 1.8.0_152-release-1343-b01)
# Java VM: OpenJDK 64-Bit Server VM (25.152-b01 mixed mode bsd-amd64 compressed oops)
Heap:
 par new generation   total 387072K, used 189908K [0x0000000770000000, 0x000000078a400000, 0x000000078aaa0000)
  eden space 344064K,  53% used [0x0000000770000000, 0x000000077b4dc050, 0x0000000785000000)
  from space 43008K,  10% used [0x0000000787a00000, 0x0000000787e99260, 0x000000078a400000)
  to   space 43008K,   0% used [0x0000000785000000, 0x0000000785000000, 0x0000000787a00000)
 concurrent mark-sweep generation total 859828K, used 488245K [0x000000078aaa0000, 0x00000007bf24d000, 0x00000007c0000000)
 Metaspace       used 315899K, capacity 338757K, committed 338964K, reserved 1343488K
  class space    used 41481K, capacity 45500K, committed 45548K, reserved 1048576K
GC Heap History (10 events):
Event: 5215.185 GC heap before
{Heap before GC invocations=819 (full 15):
 par new generation   total 387072K, used 370297K [0x0000000770000000, 0x000000078a400000, 0x000000078aaa0000)
  eden space 344064K, 100% used [0x0000000770000000, 0x0000000785000000, 0x0000000785000000)
  from space 43008K,  60% used [0x0000000785000000, 0x000000078699e418, 0x0000000787a00000)
  to   space 43008K,   0% used [0x0000000787a00000, 0x0000000787a00000, 0x000000078a400000)
 concurrent mark-sweep generation total 859828K, used 355122K [0x000000078aaa0000, 0x00000007bf24d000, 0x00000007c0000000)
 Metaspace       used 313876K, capacity 335489K, committed 335892K, reserved 1341440K
  class space    used 41203K, capacity 44968K, committed 45036K, reserved 1048576K
Event: 5215.210 GC heap after
Heap after GC invocations=820 (full 15):
 par new generation   total 387072K, used 43008K [0x0000000770000000, 0x000000078a400000, 0x000000078aaa0000)
  eden space 344064K,   0% used [0x0000000770000000, 0x0000000770000000, 0x0000000785000000)
  from space 43008K, 100% used [0x0000000787a00000, 0x000000078a400000, 0x000000078a400000)
  to   space 43008K,   0% used [0x0000000785000000, 0x0000000785000000, 0x0000000787a00000)
 concurrent mark-sweep generation total 859828K, used 378690K [0x000000078aaa0000, 0x00000007bf24d000, 0x00000007c0000000)
 Metaspace       used 313876K, capacity 335489K, committed 335892K, reserved 1341440K
  class space    used 41203K, capacity 44968K, committed 45036K, reserved 1048576K
}
Event: 5224.050 GC heap before
{Heap before GC invocations=820 (full 15):
 par new generation   total 387072K, used 387072K [0x0000000770000000, 0x000000078a400000, 0x000000078aaa0000)
  eden space 344064K, 100% used [0x0000000770000000, 0x0000000785000000, 0x0000000785000000)
  from space 43008K, 100% used [0x0000000787a00000, 0x000000078a400000, 0x000000078a400000)
  to   space 43008K,   0% used [0x0000000785000000, 0x0000000785000000, 0x0000000787a00000)
 concurrent mark-sweep generation total 859828K, used 378690K [0x000000078aaa0000, 0x00000007bf24d000, 0x00000007c0000000)
 Metaspace       used 315018K, capacity 337453K, committed 337684K, reserved 1341440K
  class space    used 41369K, capacity 45274K, committed 45292K, reserved 1048576K
Event: 5224.087 GC heap after
Heap after GC invocations=821 (full 15):
 par new generation   total 387072K, used 41827K [0x0000000770000000, 0x000000078a400000, 0x000000078aaa0000)
  eden space 344064K,   0% used [0x0000000770000000, 0x0000000770000000, 0x0000000785000000)
  from space 43008K,  97% used [0x0000000785000000, 0x00000007878d8e38, 0x0000000787a00000)
  to   space 43008K,   0% used [0x0000000787a00000, 0x0000000787a00000, 0x000000078a400000)
 concurrent mark-sweep generation total 859828K, used 425269K [0x000000078aaa0000, 0x00000007bf24d000, 0x00000007c0000000)
 Metaspace       used 315018K, capacity 337453K, committed 337684K, reserved 1341440K
  class space    used 41369K, capacity 45274K, committed 45292K, reserved 1048576K
}
Event: 15028.362 GC heap before
{Heap before GC invocations=821 (full 15):
 par new generation   total 387072K, used 385891K [0x0000000770000000, 0x000000078a400000, 0x000000078aaa0000)
  eden space 344064K, 100% used [0x0000000770000000, 0x0000000785000000, 0x0000000785000000)
  from space 43008K,  97% used [0x0000000785000000, 0x00000007878d8e38, 0x0000000787a00000)
  to   space 43008K,   0% used [0x0000000787a00000, 0x0000000787a00000, 0x000000078a400000)
 concurrent mark-sweep generation total 859828K, used 425269K [0x000000078aaa0000, 0x00000007bf24d000, 0x00000007c0000000)
 Metaspace       used 315638K, capacity 338471K, committed 338708K, reserved 1343488K
  class space    used 41461K, capacity 45463K, committed 45548K, reserved 1048576K
Event: 15028.391 GC heap after
Heap after GC invocations=822 (full 15):
 par new generation   total 387072K, used 42513K [0x0000000770000000, 0x000000078a400000, 0x000000078aaa0000)
  eden space 344064K,   0% used [0x0000000770000000, 0x0000000770000000, 0x0000000785000000)
  from space 43008K,  98% used [0x0000000787a00000, 0x000000078a3845d8, 0x000000078a400000)
  to   space 43008K,   0% used [0x0000000785000000, 0x0000000785000000, 0x0000000787a00000)
 concurrent mark-sweep generation total 859828K, used 451286K [0x000000078aaa0000, 0x00000007bf24d000, 0x00000007c0000000)
 Metaspace       used 315638K, capacity 338471K, committed 338708K, reserved 1343488K
  class space    used 41461K, capacity 45463K, committed 45548K, reserved 1048576K
}
Event: 33015.781 GC heap before
{Heap before GC invocations=822 (full 15):
 par new generation   total 387072K, used 386577K [0x0000000770000000, 0x000000078a400000, 0x000000078aaa0000)
  eden space 344064K, 100% used [0x0000000770000000, 0x0000000785000000, 0x0000000785000000)
  from space 43008K,  98% used [0x0000000787a00000, 0x000000078a3845d8, 0x000000078a400000)
  to   space 43008K,   0% used [0x0000000785000000, 0x0000000785000000, 0x0000000787a00000)
 concurrent mark-sweep generation total 859828K, used 451286K [0x000000078aaa0000, 0x00000007bf24d000, 0x00000007c0000000)
 Metaspace       used 315846K, capacity 338749K, committed 338964K, reserved 1343488K
  class space    used 41480K, capacity 45498K, committed 45548K, reserved 1048576K
Event: 33015.930 GC heap after
Heap after GC invocations=823 (full 15):
 par new generation   total 387072K, used 11171K [0x0000000770000000, 0x000000078a400000, 0x000000078aaa0000)
  eden space 344064K,   0% used [0x0000000770000000, 0x0000000770000000, 0x0000000785000000)
  from space 43008K,  25% used [0x0000000785000000, 0x0000000785ae8fa0, 0x0000000787a00000)
  to   space 43008K,   0% used [0x0000000787a00000, 0x0000000787a00000, 0x000000078a400000)
 concurrent mark-sweep generation total 859828K, used 488245K [0x000000078aaa0000, 0x00000007bf24d000, 0x00000007c0000000)
 Metaspace       used 315846K, capacity 338749K, committed 338964K, reserved 1343488K
  class space    used 41480K, capacity 45498K, committed 45548K, reserved 1048576K
}
Event: 58617.817 GC heap before
{Heap before GC invocations=823 (full 15):
 par new generation   total 387072K, used 355235K [0x0000000770000000, 0x000000078a400000, 0x000000078aaa0000)
  eden space 344064K, 100% used [0x0000000770000000, 0x0000000785000000, 0x0000000785000000)
  from space 43008K,  25% used [0x0000000785000000, 0x0000000785ae8fa0, 0x0000000787a00000)
  to   space 43008K,   0% used [0x0000000787a00000, 0x0000000787a00000, 0x000000078a400000)
 concurrent mark-sweep generation total 859828K, used 488245K [0x000000078aaa0000, 0x00000007bf24d000, 0x00000007c0000000)
 Metaspace       used 315895K, capacity 338757K, committed 338964K, reserved 1343488K
  class space    used 41481K, capacity 45500K, committed 45548K, reserved 1048576K
Event: 58617.913 GC heap after
Heap after GC invocations=824 (full 15):
 par new generation   total 387072K, used 4708K [0x0000000770000000, 0x000000078a400000, 0x000000078aaa0000)
  eden space 344064K,   0% used [0x0000000770000000, 0x0000000770000000, 0x0000000785000000)
  from space 43008K,  10% used [0x0000000787a00000, 0x0000000787e99260, 0x000000078a400000)
  to   space 43008K,   0% used [0x0000000785000000, 0x0000000785000000, 0x0000000787a00000)
 concurrent mark-sweep generation total 859828K, used 488245K [0x000000078aaa0000, 0x00000007bf24d000, 0x00000007c0000000)
 Metaspace       used 315895K, capacity 338757K, committed 338964K, reserved 1343488K
  class space    used 41481K, capacity 45500K, committed 45548K, reserved 1048576K
}

